PHP Warning:  Module 'geoip' already loaded in Unknown on line 0
PHP Warning:  PHP Startup: Unable to load dynamic library '/usr/lib/php/20131226/mssql.so' - /usr/lib/php/20131226/mssql.so: cannot open shared object file: No such file or directory in Unknown on line 0
PHP Warning:  PHP Startup: Unable to load dynamic library '/usr/lib/php/20131226/pdo_dblib.so' - /usr/lib/php/20131226/pdo_dblib.so: cannot open shared object file: No such file or directory in Unknown on line 0
Running on localhost:8043
Client connected
Client disconnected
Client connected
Client disconnected
Client connected
Client disconnected
Client connected
Client disconnected
Client connected
Client connected
Client disconnected
Client connected
Client disconnected
Client connected
Client disconnected
Client disconnected
Client connected
Client disconnected
Client connected
Client disconnected
Client connected
Client connected
Client connected
Client disconnected
Client disconnected
Client connected
Client connected
Client disconnected
Client connected
Client disconnected
Client disconnected
Client connected
Client disconnected
Client connected
Client disconnected
Client disconnected
PHP Warning:  Module 'geoip' already loaded in Unknown on line 0
PHP Warning:  PHP Startup: Unable to load dynamic library '/usr/lib/php/20131226/mssql.so' - /usr/lib/php/20131226/mssql.so: cannot open shared object file: No such file or directory in Unknown on line 0
PHP Warning:  PHP Startup: Unable to load dynamic library '/usr/lib/php/20131226/pdo_dblib.so' - /usr/lib/php/20131226/pdo_dblib.so: cannot open shared object file: No such file or directory in Unknown on line 0
Running on localhost:8043
Client connected
Client disconnected
Client connected
Client disconnected
PHP Warning:  Module 'geoip' already loaded in Unknown on line 0
PHP Warning:  PHP Startup: Unable to load dynamic library '/usr/lib/php/20131226/mssql.so' - /usr/lib/php/20131226/mssql.so: cannot open shared object file: No such file or directory in Unknown on line 0
PHP Warning:  PHP Startup: Unable to load dynamic library '/usr/lib/php/20131226/pdo_dblib.so' - /usr/lib/php/20131226/pdo_dblib.so: cannot open shared object file: No such file or directory in Unknown on line 0
Running on localhost:8043
Client connected
Client disconnected
Client connected
Client disconnected
Client connected
Client disconnected
Client connected
Client disconnected
Client connected
Client disconnected
Client connected
Client disconnected
Client connected
Client disconnected
PHP Warning:  Module 'geoip' already loaded in Unknown on line 0
PHP Warning:  PHP Startup: Unable to load dynamic library '/usr/lib/php/20131226/mssql.so' - /usr/lib/php/20131226/mssql.so: cannot open shared object file: No such file or directory in Unknown on line 0
PHP Warning:  PHP Startup: Unable to load dynamic library '/usr/lib/php/20131226/pdo_dblib.so' - /usr/lib/php/20131226/pdo_dblib.so: cannot open shared object file: No such file or directory in Unknown on line 0
Running on localhost:8043
Client connected
Client disconnected
Client connected
Client disconnected
Client connected
Client disconnected
Client connected
Client disconnected
Client connected
Client disconnected
Client connected
Client disconnected
Client connected
Client disconnected
Client connected
Client disconnected
Client connected
Client disconnected
Client connected
Client disconnected
Client connected
Client disconnected
Client connected
Client disconnected
Client connected
Client disconnected
PHP Warning:  Module 'geoip' already loaded in Unknown on line 0
PHP Warning:  PHP Startup: Unable to load dynamic library '/usr/lib/php/20131226/mssql.so' - /usr/lib/php/20131226/mssql.so: cannot open shared object file: No such file or directory in Unknown on line 0
PHP Warning:  PHP Startup: Unable to load dynamic library '/usr/lib/php/20131226/pdo_dblib.so' - /usr/lib/php/20131226/pdo_dblib.so: cannot open shared object file: No such file or directory in Unknown on line 0
Running on localhost:8043
Client connected
Client disconnected
Client connected
Client disconnected
Client connected
Client disconnected
Client connected
Client disconnected
Client connected
Client disconnected
Client connected
Client disconnected
Client connected
Client disconnected
Client connected
Client disconnected
Client connected
Client disconnected
PHP Warning:  Module 'geoip' already loaded in Unknown on line 0
PHP Warning:  PHP Startup: Unable to load dynamic library '/usr/lib/php/20131226/mssql.so' - /usr/lib/php/20131226/mssql.so: cannot open shared object file: No such file or directory in Unknown on line 0
PHP Warning:  PHP Startup: Unable to load dynamic library '/usr/lib/php/20131226/pdo_dblib.so' - /usr/lib/php/20131226/pdo_dblib.so: cannot open shared object file: No such file or directory in Unknown on line 0
Running on localhost:8043
Client connected
Unable to write to stream: fwrite(): send of 8192 bytes failed with errno=104 Connection reset by peer
Client disconnected
Client connected
Client disconnected
Client connected
Client disconnected
Client connected
Client disconnected
Client connected
Client disconnected
Client connected
Client disconnected
Client connected
Client disconnected
Client connected
Client disconnected
Client connected
Client disconnected
Client connected
Client disconnected
Client connected
Client disconnected
Client connected
Client disconnected
Client connected
Client disconnected
Client connected
Client disconnected
Client connected
Client disconnected
Client connected
Client disconnected
Client connected
Client disconnected
python: can't open file 'dashboard.py': [Errno 2] No such file or directory
